2016-06-09 16:01:29,536 INFO [org.jasig.cas.services.DefaultServicesManagerImpl] - Reloading registered services.
2016-06-09 16:01:29,536 INFO [org.jasig.cas.services.DefaultServicesManagerImpl] - Loaded 2 services.
2016-06-09 16:03:29,535 INFO [org.jasig.cas.services.DefaultServicesManagerImpl] - Reloading registered services.
2016-06-09 16:03:29,536 INFO [org.jasig.cas.services.DefaultServicesManagerImpl] - Loaded 2 services.
2016-06-09 16:05:29,535 INFO [org.jasig.cas.services.DefaultServicesManagerImpl] - Reloading registered services.
2016-06-09 16:05:29,535 INFO [org.jasig.cas.services.DefaultServicesManagerImpl] - Loaded 2 services.
2016-06-09 16:07:29,535 INFO [org.jasig.cas.services.DefaultServicesManagerImpl] - Reloading registered services.
2016-06-09 16:07:29,536 INFO [org.jasig.cas.services.DefaultServicesManagerImpl] - Loaded 2 services.
2016-06-09 16:09:29,535 INFO [org.jasig.cas.services.DefaultServicesManagerImpl] - Reloading registered services.
2016-06-09 16:09:29,536 INFO [org.jasig.cas.services.DefaultServicesManagerImpl] - Loaded 2 services.
2016-06-09 16:11:29,536 INFO [org.jasig.cas.services.DefaultServicesManagerImpl] - Reloading registered services.
2016-06-09 16:11:29,536 INFO [org.jasig.cas.services.DefaultServicesManagerImpl] - Loaded 2 services.
2016-06-09 16:13:29,535 INFO [org.jasig.cas.services.DefaultServicesManagerImpl] - Reloading registered services.
2016-06-09 16:13:29,536 INFO [org.jasig.cas.services.DefaultServicesManagerImpl] - Loaded 2 services.
2016-06-09 16:15:29,535 INFO [org.jasig.cas.services.DefaultServicesManagerImpl] - Reloading registered services.
2016-06-09 16:15:29,536 INFO [org.jasig.cas.services.DefaultServicesManagerImpl] - Loaded 2 services.
2016-06-09 16:17:29,536 INFO [org.jasig.cas.services.DefaultServicesManagerImpl] - Reloading registered services.
2016-06-09 16:17:29,536 INFO [org.jasig.cas.services.DefaultServicesManagerImpl] - Loaded 2 services.
2016-06-09 16:19:29,535 INFO [org.jasig.cas.services.DefaultServicesManagerImpl] - Reloading registered services.
2016-06-09 16:19:29,536 INFO [org.jasig.cas.services.DefaultServicesManagerImpl] - Loaded 2 services.
2016-06-09 16:21:29,535 INFO [org.jasig.cas.services.DefaultServicesManagerImpl] - Reloading registered services.
2016-06-09 16:21:29,535 INFO [org.jasig.cas.services.DefaultServicesManagerImpl] - Loaded 2 services.
2016-06-09 16:23:29,536 INFO [org.jasig.cas.services.DefaultServicesManagerImpl] - Reloading registered services.
2016-06-09 16:23:29,536 INFO [org.jasig.cas.services.DefaultServicesManagerImpl] - Loaded 2 services.
2016-06-09 16:25:29,535 INFO [org.jasig.cas.services.DefaultServicesManagerImpl] - Reloading registered services.
2016-06-09 16:25:29,536 INFO [org.jasig.cas.services.DefaultServicesManagerImpl] - Loaded 2 services.
2016-06-09 16:27:29,535 INFO [org.jasig.cas.services.DefaultServicesManagerImpl] - Reloading registered services.
2016-06-09 16:27:29,536 INFO [org.jasig.cas.services.DefaultServicesManagerImpl] - Loaded 2 services.
2016-06-09 16:29:29,536 INFO [org.jasig.cas.services.DefaultServicesManagerImpl] - Reloading registered services.
2016-06-09 16:29:29,536 INFO [org.jasig.cas.services.DefaultServicesManagerImpl] - Loaded 2 services.
2016-06-09 16:31:29,535 INFO [org.jasig.cas.services.DefaultServicesManagerImpl] - Reloading registered services.
2016-06-09 16:31:29,536 INFO [org.jasig.cas.services.DefaultServicesManagerImpl] - Loaded 2 services.
2016-06-09 16:33:29,535 INFO [org.jasig.cas.services.DefaultServicesManagerImpl] - Reloading registered services.
2016-06-09 16:33:29,535 INFO [org.jasig.cas.services.DefaultServicesManagerImpl] - Loaded 2 services.
2016-06-09 16:35:29,536 INFO [org.jasig.cas.services.DefaultServicesManagerImpl] - Reloading registered services.
2016-06-09 16:35:29,537 INFO [org.jasig.cas.services.DefaultServicesManagerImpl] - Loaded 2 services.
2016-06-09 16:36:29,496 INFO [org.jasig.cas.ticket.registry.support.DefaultTicketRegistryCleaner] - Beginning ticket cleanup.
2016-06-09 16:36:29,497 INFO [org.jasig.cas.ticket.registry.support.DefaultTicketRegistryCleaner] - 2 expired tickets found to be removed.
2016-06-09 16:36:29,501 WARN [org.jasig.inspektr.common.spi.DefaultClientInfoResolver] - No ClientInfo could be found.  Returning empty ClientInfo object.
2016-06-09 16:36:29,501 INFO [org.jasig.inspektr.audit.support.Slf4jLoggingAuditTrailManager] - Audit trail record BEGIN
=============================================================
WHO: audit:unknown
WHAT: TGT-2-cdeXE5GgZhLbeDdFsfY6mN0JofJITRY4rq5EPS4ohYTysdEsfA-cas01.example.org
ACTION: TICKET_GRANTING_TICKET_DESTROYED
APPLICATION: CAS
WHEN: Thu Jun 09 16:36:29 IST 2016
CLIENT IP ADDRESS: unknown
SERVER IP ADDRESS: unknown
=============================================================


2016-06-09 16:36:29,501 INFO [org.jasig.inspektr.audit.support.Slf4jLoggingAuditTrailManager] - Audit trail record BEGIN
=============================================================
WHO: audit:unknown
WHAT: TGT-2-cdeXE5GgZhLbeDdFsfY6mN0JofJITRY4rq5EPS4ohYTysdEsfA-cas01.example.org
ACTION: TICKET_GRANTING_TICKET_DESTROYED
APPLICATION: CAS
WHEN: Thu Jun 09 16:36:29 IST 2016
CLIENT IP ADDRESS: unknown
SERVER IP ADDRESS: unknown
=============================================================


2016-06-09 16:36:29,502 WARN [org.jasig.inspektr.common.spi.DefaultClientInfoResolver] - No ClientInfo could be found.  Returning empty ClientInfo object.
2016-06-09 16:36:29,502 INFO [org.jasig.inspektr.audit.support.Slf4jLoggingAuditTrailManager] - Audit trail record BEGIN
=============================================================
WHO: audit:unknown
WHAT: TGT-1-qLdwwAJMX7MGy7uOFDQwKNDHAes32JE9fxt9gZf92F1Ytb4RVi-cas01.example.org
ACTION: TICKET_GRANTING_TICKET_DESTROYED
APPLICATION: CAS
WHEN: Thu Jun 09 16:36:29 IST 2016
CLIENT IP ADDRESS: unknown
SERVER IP ADDRESS: unknown
=============================================================


2016-06-09 16:36:29,502 INFO [org.jasig.inspektr.audit.support.Slf4jLoggingAuditTrailManager] - Audit trail record BEGIN
=============================================================
WHO: audit:unknown
WHAT: TGT-1-qLdwwAJMX7MGy7uOFDQwKNDHAes32JE9fxt9gZf92F1Ytb4RVi-cas01.example.org
ACTION: TICKET_GRANTING_TICKET_DESTROYED
APPLICATION: CAS
WHEN: Thu Jun 09 16:36:29 IST 2016
CLIENT IP ADDRESS: unknown
SERVER IP ADDRESS: unknown
=============================================================


2016-06-09 16:36:29,502 INFO [org.jasig.cas.ticket.registry.support.DefaultTicketRegistryCleaner] - Finished ticket cleanup.
2016-06-09 16:37:29,536 INFO [org.jasig.cas.services.DefaultServicesManagerImpl] - Reloading registered services.
2016-06-09 16:37:29,536 INFO [org.jasig.cas.services.DefaultServicesManagerImpl] - Loaded 2 services.
2016-06-09 16:39:29,535 INFO [org.jasig.cas.services.DefaultServicesManagerImpl] - Reloading registered services.
2016-06-09 16:39:29,536 INFO [org.jasig.cas.services.DefaultServicesManagerImpl] - Loaded 2 services.
2016-06-09 16:41:29,535 INFO [org.jasig.cas.services.DefaultServicesManagerImpl] - Reloading registered services.
2016-06-09 16:41:29,535 INFO [org.jasig.cas.services.DefaultServicesManagerImpl] - Loaded 2 services.
2016-06-09 16:43:29,536 INFO [org.jasig.cas.services.DefaultServicesManagerImpl] - Reloading registered services.
2016-06-09 16:43:29,536 INFO [org.jasig.cas.services.DefaultServicesManagerImpl] - Loaded 2 services.
2016-06-09 16:45:29,535 INFO [org.jasig.cas.services.DefaultServicesManagerImpl] - Reloading registered services.
2016-06-09 16:45:29,536 INFO [org.jasig.cas.services.DefaultServicesManagerImpl] - Loaded 2 services.
2016-06-09 16:47:29,535 INFO [org.jasig.cas.services.DefaultServicesManagerImpl] - Reloading registered services.
2016-06-09 16:47:29,535 INFO [org.jasig.cas.services.DefaultServicesManagerImpl] - Loaded 2 services.
2016-06-09 16:49:29,536 INFO [org.jasig.cas.services.DefaultServicesManagerImpl] - Reloading registered services.
2016-06-09 16:49:29,536 INFO [org.jasig.cas.services.DefaultServicesManagerImpl] - Loaded 2 services.
2016-06-09 16:51:29,535 INFO [org.jasig.cas.services.DefaultServicesManagerImpl] - Reloading registered services.
2016-06-09 16:51:29,536 INFO [org.jasig.cas.services.DefaultServicesManagerImpl] - Loaded 2 services.
2016-06-09 16:53:29,536 INFO [org.jasig.cas.services.DefaultServicesManagerImpl] - Reloading registered services.
2016-06-09 16:53:29,536 INFO [org.jasig.cas.services.DefaultServicesManagerImpl] - Loaded 2 services.
2016-06-09 16:55:29,535 INFO [org.jasig.cas.services.DefaultServicesManagerImpl] - Reloading registered services.
2016-06-09 16:55:29,536 INFO [org.jasig.cas.services.DefaultServicesManagerImpl] - Loaded 2 services.
2016-06-09 16:57:29,535 INFO [org.jasig.cas.services.DefaultServicesManagerImpl] - Reloading registered services.
2016-06-09 16:57:29,536 INFO [org.jasig.cas.services.DefaultServicesManagerImpl] - Loaded 2 services.
2016-06-09 16:59:29,535 INFO [org.jasig.cas.services.DefaultServicesManagerImpl] - Reloading registered services.
2016-06-09 16:59:29,535 INFO [org.jasig.cas.services.DefaultServicesManagerImpl] - Loaded 2 services.
2016-06-09 16:59:39,598 INFO [org.jasig.cas.authentication.PolicyBasedAuthenticationManager] - AcceptUsersAuthenticationHandler successfully authenticated casuser
2016-06-09 16:59:39,598 INFO [org.jasig.cas.authentication.PolicyBasedAuthenticationManager] - Authenticated casuser with credentials [casuser].
2016-06-09 16:59:39,598 INFO [org.jasig.inspektr.audit.support.Slf4jLoggingAuditTrailManager] - Audit trail record BEGIN
=============================================================
WHO: casuser
WHAT: supplied credentials: [casuser]
ACTION: AUTHENTICATION_SUCCESS
APPLICATION: CAS
WHEN: Thu Jun 09 16:59:39 IST 2016
CLIENT IP ADDRESS: 127.0.0.1
SERVER IP ADDRESS: 127.0.0.1
=============================================================


2016-06-09 16:59:39,598 INFO [org.jasig.inspektr.audit.support.Slf4jLoggingAuditTrailManager] - Audit trail record BEGIN
=============================================================
WHO: casuser
WHAT: supplied credentials: [casuser]
ACTION: AUTHENTICATION_SUCCESS
APPLICATION: CAS
WHEN: Thu Jun 09 16:59:39 IST 2016
CLIENT IP ADDRESS: 127.0.0.1
SERVER IP ADDRESS: 127.0.0.1
=============================================================


2016-06-09 16:59:39,598 INFO [org.jasig.inspektr.audit.support.Slf4jLoggingAuditTrailManager] - Audit trail record BEGIN
=============================================================
WHO: casuser
WHAT: TGT-3-0ujDdauumW6GVJpI09N55YdRezFf0rMZ4ycWPuFLfkhbfmwYZx-cas01.example.org
ACTION: TICKET_GRANTING_TICKET_CREATED
APPLICATION: CAS
WHEN: Thu Jun 09 16:59:39 IST 2016
CLIENT IP ADDRESS: 127.0.0.1
SERVER IP ADDRESS: 127.0.0.1
=============================================================


2016-06-09 16:59:39,598 INFO [org.jasig.inspektr.audit.support.Slf4jLoggingAuditTrailManager] - Audit trail record BEGIN
=============================================================
WHO: casuser
WHAT: TGT-3-0ujDdauumW6GVJpI09N55YdRezFf0rMZ4ycWPuFLfkhbfmwYZx-cas01.example.org
ACTION: TICKET_GRANTING_TICKET_CREATED
APPLICATION: CAS
WHEN: Thu Jun 09 16:59:39 IST 2016
CLIENT IP ADDRESS: 127.0.0.1
SERVER IP ADDRESS: 127.0.0.1
=============================================================


