2016-06-09 17:00:34,702 INFO [org.jasig.cas.authentication.PolicyBasedAuthenticationManager] - AcceptUsersAuthenticationHandler successfully authenticated casuser
2016-06-09 17:00:34,703 INFO [org.jasig.cas.authentication.PolicyBasedAuthenticationManager] - Authenticated casuser with credentials [casuser].
2016-06-09 17:00:34,703 INFO [org.jasig.inspektr.audit.support.Slf4jLoggingAuditTrailManager] - Audit trail record BEGIN
=============================================================
WHO: casuser
WHAT: supplied credentials: [casuser]
ACTION: AUTHENTICATION_SUCCESS
APPLICATION: CAS
WHEN: Thu Jun 09 17:00:34 IST 2016
CLIENT IP ADDRESS: 127.0.0.1
SERVER IP ADDRESS: 127.0.0.1
=============================================================


2016-06-09 17:00:34,703 INFO [org.jasig.inspektr.audit.support.Slf4jLoggingAuditTrailManager] - Audit trail record BEGIN
=============================================================
WHO: casuser
WHAT: supplied credentials: [casuser]
ACTION: AUTHENTICATION_SUCCESS
APPLICATION: CAS
WHEN: Thu Jun 09 17:00:34 IST 2016
CLIENT IP ADDRESS: 127.0.0.1
SERVER IP ADDRESS: 127.0.0.1
=============================================================


2016-06-09 17:00:34,703 INFO [org.jasig.inspektr.audit.support.Slf4jLoggingAuditTrailManager] - Audit trail record BEGIN
=============================================================
WHO: casuser
WHAT: TGT-4-gbHyOaJ5xQOvIfju9OVElShgsjARfPT7KmtD3uLRUtkEWn4Wb1-cas01.example.org
ACTION: TICKET_GRANTING_TICKET_CREATED
APPLICATION: CAS
WHEN: Thu Jun 09 17:00:34 IST 2016
CLIENT IP ADDRESS: 127.0.0.1
SERVER IP ADDRESS: 127.0.0.1
=============================================================


2016-06-09 17:00:34,703 INFO [org.jasig.inspektr.audit.support.Slf4jLoggingAuditTrailManager] - Audit trail record BEGIN
=============================================================
WHO: casuser
WHAT: TGT-4-gbHyOaJ5xQOvIfju9OVElShgsjARfPT7KmtD3uLRUtkEWn4Wb1-cas01.example.org
ACTION: TICKET_GRANTING_TICKET_CREATED
APPLICATION: CAS
WHEN: Thu Jun 09 17:00:34 IST 2016
CLIENT IP ADDRESS: 127.0.0.1
SERVER IP ADDRESS: 127.0.0.1
=============================================================


2016-06-09 17:01:29,536 INFO [org.jasig.cas.services.DefaultServicesManagerImpl] - Reloading registered services.
2016-06-09 17:01:29,536 INFO [org.jasig.cas.services.DefaultServicesManagerImpl] - Loaded 2 services.
2016-06-09 17:03:29,535 INFO [org.jasig.cas.services.DefaultServicesManagerImpl] - Reloading registered services.
2016-06-09 17:03:29,536 INFO [org.jasig.cas.services.DefaultServicesManagerImpl] - Loaded 2 services.
2016-06-09 17:05:29,536 INFO [org.jasig.cas.services.DefaultServicesManagerImpl] - Reloading registered services.
2016-06-09 17:05:29,536 INFO [org.jasig.cas.services.DefaultServicesManagerImpl] - Loaded 2 services.
2016-06-09 17:07:29,535 INFO [org.jasig.cas.services.DefaultServicesManagerImpl] - Reloading registered services.
2016-06-09 17:07:29,536 INFO [org.jasig.cas.services.DefaultServicesManagerImpl] - Loaded 2 services.
2016-06-09 17:08:57,110 INFO [org.jasig.cas.CasEnvironmentContextListener] - 
******************** Welcome to CAS ********************
CAS Version: 4.1.4
Java Home: /home/hsenid/Software/jdk1.8.0_73/jre
Java Vendor: Oracle Corporation
Java Version: 1.8.0_73
OS Architecture: amd64
OS Name: Linux
OS Version: 4.2.0-35-generic
*******************************************************

2016-06-09 17:08:58,873 INFO [org.jasig.cas.services.DefaultServicesManagerImpl] - Loaded 2 services.
2016-06-09 17:08:59,330 INFO [org.jasig.cas.util.AutowiringSchedulerFactoryBean] - Starting Quartz Scheduler now
2016-06-09 17:08:59,342 INFO [org.jasig.cas.CasEnvironmentContextListener] - [Apache Tomcat/8.0.32] has loaded the CAS application context
2016-06-09 17:09:18,977 INFO [org.jasig.cas.ticket.registry.support.DefaultTicketRegistryCleaner] - Beginning ticket cleanup.
2016-06-09 17:09:18,981 INFO [org.jasig.cas.ticket.registry.support.DefaultTicketRegistryCleaner] - 0 expired tickets found to be removed.
2016-06-09 17:09:18,981 INFO [org.jasig.cas.ticket.registry.support.DefaultTicketRegistryCleaner] - Finished ticket cleanup.
2016-06-09 17:09:29,535 INFO [org.jasig.cas.services.DefaultServicesManagerImpl] - Reloading registered services.
2016-06-09 17:09:29,557 INFO [org.jasig.cas.services.DefaultServicesManagerImpl] - Loaded 2 services.
2016-06-09 17:10:59,023 INFO [org.jasig.cas.services.DefaultServicesManagerImpl] - Reloading registered services.
2016-06-09 17:10:59,026 INFO [org.jasig.cas.services.DefaultServicesManagerImpl] - Loaded 2 services.
2016-06-09 17:11:29,536 INFO [org.jasig.cas.services.DefaultServicesManagerImpl] - Reloading registered services.
2016-06-09 17:11:29,537 INFO [org.jasig.cas.services.DefaultServicesManagerImpl] - Loaded 2 services.
2016-06-09 17:11:47,866 INFO [org.jasig.cas.util.AutowiringSchedulerFactoryBean] - Shutting down Quartz Scheduler
2016-06-09 17:13:29,535 INFO [org.jasig.cas.services.DefaultServicesManagerImpl] - Reloading registered services.
2016-06-09 17:13:29,536 INFO [org.jasig.cas.services.DefaultServicesManagerImpl] - Loaded 2 services.
2016-06-09 17:15:29,536 INFO [org.jasig.cas.services.DefaultServicesManagerImpl] - Reloading registered services.
2016-06-09 17:15:29,537 INFO [org.jasig.cas.services.DefaultServicesManagerImpl] - Loaded 2 services.
2016-06-09 17:17:29,535 INFO [org.jasig.cas.services.DefaultServicesManagerImpl] - Reloading registered services.
2016-06-09 17:17:29,536 INFO [org.jasig.cas.services.DefaultServicesManagerImpl] - Loaded 2 services.
