2016-06-09 15:01:29,535 INFO [org.jasig.cas.services.DefaultServicesManagerImpl] - Reloading registered services.
2016-06-09 15:01:29,536 INFO [org.jasig.cas.services.DefaultServicesManagerImpl] - Loaded 2 services.
2016-06-09 15:03:29,535 INFO [org.jasig.cas.services.DefaultServicesManagerImpl] - Reloading registered services.
2016-06-09 15:03:29,536 INFO [org.jasig.cas.services.DefaultServicesManagerImpl] - Loaded 2 services.
2016-06-09 15:05:29,536 INFO [org.jasig.cas.services.DefaultServicesManagerImpl] - Reloading registered services.
2016-06-09 15:05:29,536 INFO [org.jasig.cas.services.DefaultServicesManagerImpl] - Loaded 2 services.
2016-06-09 15:07:29,536 INFO [org.jasig.cas.services.DefaultServicesManagerImpl] - Reloading registered services.
2016-06-09 15:07:29,536 INFO [org.jasig.cas.services.DefaultServicesManagerImpl] - Loaded 2 services.
2016-06-09 15:09:29,535 INFO [org.jasig.cas.services.DefaultServicesManagerImpl] - Reloading registered services.
2016-06-09 15:09:29,536 INFO [org.jasig.cas.services.DefaultServicesManagerImpl] - Loaded 2 services.
2016-06-09 15:11:29,535 INFO [org.jasig.cas.services.DefaultServicesManagerImpl] - Reloading registered services.
2016-06-09 15:11:29,536 INFO [org.jasig.cas.services.DefaultServicesManagerImpl] - Loaded 2 services.
2016-06-09 15:13:09,497 INFO [org.jasig.cas.ticket.registry.support.DefaultTicketRegistryCleaner] - Beginning ticket cleanup.
2016-06-09 15:13:09,497 INFO [org.jasig.cas.ticket.registry.support.DefaultTicketRegistryCleaner] - 0 expired tickets found to be removed.
2016-06-09 15:13:09,497 INFO [org.jasig.cas.ticket.registry.support.DefaultTicketRegistryCleaner] - Finished ticket cleanup.
2016-06-09 15:13:29,535 INFO [org.jasig.cas.services.DefaultServicesManagerImpl] - Reloading registered services.
2016-06-09 15:13:29,536 INFO [org.jasig.cas.services.DefaultServicesManagerImpl] - Loaded 2 services.
2016-06-09 15:15:29,536 INFO [org.jasig.cas.services.DefaultServicesManagerImpl] - Reloading registered services.
2016-06-09 15:15:29,536 INFO [org.jasig.cas.services.DefaultServicesManagerImpl] - Loaded 2 services.
2016-06-09 15:17:29,535 INFO [org.jasig.cas.services.DefaultServicesManagerImpl] - Reloading registered services.
2016-06-09 15:17:29,536 INFO [org.jasig.cas.services.DefaultServicesManagerImpl] - Loaded 2 services.
2016-06-09 15:19:29,535 INFO [org.jasig.cas.services.DefaultServicesManagerImpl] - Reloading registered services.
2016-06-09 15:19:29,536 INFO [org.jasig.cas.services.DefaultServicesManagerImpl] - Loaded 2 services.
2016-06-09 15:21:29,535 INFO [org.jasig.cas.services.DefaultServicesManagerImpl] - Reloading registered services.
2016-06-09 15:21:29,535 INFO [org.jasig.cas.services.DefaultServicesManagerImpl] - Loaded 2 services.
2016-06-09 15:23:29,536 INFO [org.jasig.cas.services.DefaultServicesManagerImpl] - Reloading registered services.
2016-06-09 15:23:29,536 INFO [org.jasig.cas.services.DefaultServicesManagerImpl] - Loaded 2 services.
2016-06-09 15:25:29,535 INFO [org.jasig.cas.services.DefaultServicesManagerImpl] - Reloading registered services.
2016-06-09 15:25:29,536 INFO [org.jasig.cas.services.DefaultServicesManagerImpl] - Loaded 2 services.
2016-06-09 15:27:29,535 INFO [org.jasig.cas.services.DefaultServicesManagerImpl] - Reloading registered services.
2016-06-09 15:27:29,536 INFO [org.jasig.cas.services.DefaultServicesManagerImpl] - Loaded 2 services.
2016-06-09 15:29:29,536 INFO [org.jasig.cas.services.DefaultServicesManagerImpl] - Reloading registered services.
2016-06-09 15:29:29,536 INFO [org.jasig.cas.services.DefaultServicesManagerImpl] - Loaded 2 services.
2016-06-09 15:31:29,536 INFO [org.jasig.cas.services.DefaultServicesManagerImpl] - Reloading registered services.
2016-06-09 15:31:29,536 INFO [org.jasig.cas.services.DefaultServicesManagerImpl] - Loaded 2 services.
2016-06-09 15:33:29,535 INFO [org.jasig.cas.services.DefaultServicesManagerImpl] - Reloading registered services.
2016-06-09 15:33:29,536 INFO [org.jasig.cas.services.DefaultServicesManagerImpl] - Loaded 2 services.
2016-06-09 15:35:29,535 INFO [org.jasig.cas.services.DefaultServicesManagerImpl] - Reloading registered services.
2016-06-09 15:35:29,536 INFO [org.jasig.cas.services.DefaultServicesManagerImpl] - Loaded 2 services.
2016-06-09 15:37:29,535 INFO [org.jasig.cas.services.DefaultServicesManagerImpl] - Reloading registered services.
2016-06-09 15:37:29,536 INFO [org.jasig.cas.services.DefaultServicesManagerImpl] - Loaded 2 services.
2016-06-09 15:39:29,536 INFO [org.jasig.cas.services.DefaultServicesManagerImpl] - Reloading registered services.
2016-06-09 15:39:29,536 INFO [org.jasig.cas.services.DefaultServicesManagerImpl] - Loaded 2 services.
2016-06-09 15:41:29,535 INFO [org.jasig.cas.services.DefaultServicesManagerImpl] - Reloading registered services.
2016-06-09 15:41:29,536 INFO [org.jasig.cas.services.DefaultServicesManagerImpl] - Loaded 2 services.
2016-06-09 15:43:29,535 INFO [org.jasig.cas.services.DefaultServicesManagerImpl] - Reloading registered services.
2016-06-09 15:43:29,536 INFO [org.jasig.cas.services.DefaultServicesManagerImpl] - Loaded 2 services.
2016-06-09 15:45:29,536 INFO [org.jasig.cas.services.DefaultServicesManagerImpl] - Reloading registered services.
2016-06-09 15:45:29,536 INFO [org.jasig.cas.services.DefaultServicesManagerImpl] - Loaded 2 services.
2016-06-09 15:47:29,535 INFO [org.jasig.cas.services.DefaultServicesManagerImpl] - Reloading registered services.
2016-06-09 15:47:29,536 INFO [org.jasig.cas.services.DefaultServicesManagerImpl] - Loaded 2 services.
2016-06-09 15:49:29,535 INFO [org.jasig.cas.services.DefaultServicesManagerImpl] - Reloading registered services.
2016-06-09 15:49:29,536 INFO [org.jasig.cas.services.DefaultServicesManagerImpl] - Loaded 2 services.
2016-06-09 15:51:29,536 INFO [org.jasig.cas.services.DefaultServicesManagerImpl] - Reloading registered services.
2016-06-09 15:51:29,536 INFO [org.jasig.cas.services.DefaultServicesManagerImpl] - Loaded 2 services.
2016-06-09 15:53:29,536 INFO [org.jasig.cas.services.DefaultServicesManagerImpl] - Reloading registered services.
2016-06-09 15:53:29,536 INFO [org.jasig.cas.services.DefaultServicesManagerImpl] - Loaded 2 services.
2016-06-09 15:55:29,535 INFO [org.jasig.cas.services.DefaultServicesManagerImpl] - Reloading registered services.
2016-06-09 15:55:29,536 INFO [org.jasig.cas.services.DefaultServicesManagerImpl] - Loaded 2 services.
2016-06-09 15:57:29,535 INFO [org.jasig.cas.services.DefaultServicesManagerImpl] - Reloading registered services.
2016-06-09 15:57:29,536 INFO [org.jasig.cas.services.DefaultServicesManagerImpl] - Loaded 2 services.
2016-06-09 15:59:29,536 INFO [org.jasig.cas.services.DefaultServicesManagerImpl] - Reloading registered services.
2016-06-09 15:59:29,536 INFO [org.jasig.cas.services.DefaultServicesManagerImpl] - Loaded 2 services.
