2016-06-09 12:29:55,512 INFO [org.jasig.cas.CasEnvironmentContextListener] - 
******************** Welcome to CAS ********************
CAS Version: 4.1.4
Java Home: /home/hsenid/Software/jdk1.8.0_73/jre
Java Vendor: Oracle Corporation
Java Version: 1.8.0_73
OS Architecture: amd64
OS Name: Linux
OS Version: 4.2.0-35-generic
*******************************************************

2016-06-09 12:29:57,562 INFO [org.jasig.cas.services.DefaultServicesManagerImpl] - Loaded 2 services.
2016-06-09 12:29:57,975 INFO [org.jasig.cas.util.AutowiringSchedulerFactoryBean] - Starting Quartz Scheduler now
2016-06-09 12:29:57,978 INFO [org.jasig.cas.CasEnvironmentContextListener] - [Apache Tomcat/8.0.32] has loaded the CAS application context
2016-06-09 12:30:05,120 INFO [org.jasig.cas.web.flow.InitialFlowSetupAction] - Setting path for cookies for warn cookie generator to: /cas/ 
2016-06-09 12:30:05,120 INFO [org.jasig.cas.web.flow.InitialFlowSetupAction] - Setting path for cookies for warn cookie generator to: /cas/ 
2016-06-09 12:30:05,121 INFO [org.jasig.cas.web.flow.InitialFlowSetupAction] - Setting path for cookies for TGC cookie generator to: /cas/ 
2016-06-09 12:30:05,121 INFO [org.jasig.cas.web.flow.InitialFlowSetupAction] - Setting path for cookies for TGC cookie generator to: /cas/ 
2016-06-09 12:30:13,403 INFO [org.jasig.cas.authentication.PolicyBasedAuthenticationManager] - AcceptUsersAuthenticationHandler successfully authenticated casuser
2016-06-09 12:30:13,404 INFO [org.jasig.cas.authentication.PolicyBasedAuthenticationManager] - Authenticated casuser with credentials [casuser].
2016-06-09 12:30:13,406 INFO [org.jasig.inspektr.audit.support.Slf4jLoggingAuditTrailManager] - Audit trail record BEGIN
=============================================================
WHO: casuser
WHAT: supplied credentials: [casuser]
ACTION: AUTHENTICATION_SUCCESS
APPLICATION: CAS
WHEN: Thu Jun 09 12:30:13 IST 2016
CLIENT IP ADDRESS: 127.0.0.1
SERVER IP ADDRESS: 127.0.0.1
=============================================================


2016-06-09 12:30:13,406 INFO [org.jasig.inspektr.audit.support.Slf4jLoggingAuditTrailManager] - Audit trail record BEGIN
=============================================================
WHO: casuser
WHAT: supplied credentials: [casuser]
ACTION: AUTHENTICATION_SUCCESS
APPLICATION: CAS
WHEN: Thu Jun 09 12:30:13 IST 2016
CLIENT IP ADDRESS: 127.0.0.1
SERVER IP ADDRESS: 127.0.0.1
=============================================================


2016-06-09 12:30:13,407 INFO [org.jasig.inspektr.audit.support.Slf4jLoggingAuditTrailManager] - Audit trail record BEGIN
=============================================================
WHO: casuser
WHAT: TGT-1-7EdJPV6KDj0TR1hjJ49PNKNGYokO9YlqH9qyPpYmT2hrcqRsRZ-cas01.example.org
ACTION: TICKET_GRANTING_TICKET_CREATED
APPLICATION: CAS
WHEN: Thu Jun 09 12:30:13 IST 2016
CLIENT IP ADDRESS: 127.0.0.1
SERVER IP ADDRESS: 127.0.0.1
=============================================================


2016-06-09 12:30:13,407 INFO [org.jasig.inspektr.audit.support.Slf4jLoggingAuditTrailManager] - Audit trail record BEGIN
=============================================================
WHO: casuser
WHAT: TGT-1-7EdJPV6KDj0TR1hjJ49PNKNGYokO9YlqH9qyPpYmT2hrcqRsRZ-cas01.example.org
ACTION: TICKET_GRANTING_TICKET_CREATED
APPLICATION: CAS
WHEN: Thu Jun 09 12:30:13 IST 2016
CLIENT IP ADDRESS: 127.0.0.1
SERVER IP ADDRESS: 127.0.0.1
=============================================================


2016-06-09 12:30:17,641 INFO [org.jasig.cas.ticket.registry.support.DefaultTicketRegistryCleaner] - Beginning ticket cleanup.
2016-06-09 12:30:17,642 INFO [org.jasig.cas.ticket.registry.support.DefaultTicketRegistryCleaner] - 0 expired tickets found to be removed.
2016-06-09 12:30:17,642 INFO [org.jasig.cas.ticket.registry.support.DefaultTicketRegistryCleaner] - Finished ticket cleanup.
2016-06-09 12:30:29,531 INFO [org.jasig.cas.authentication.PolicyBasedAuthenticationManager] - AcceptUsersAuthenticationHandler successfully authenticated casuser
2016-06-09 12:30:29,531 INFO [org.jasig.cas.authentication.PolicyBasedAuthenticationManager] - Authenticated casuser with credentials [casuser].
2016-06-09 12:30:29,531 INFO [org.jasig.inspektr.audit.support.Slf4jLoggingAuditTrailManager] - Audit trail record BEGIN
=============================================================
WHO: casuser
WHAT: supplied credentials: [casuser]
ACTION: AUTHENTICATION_SUCCESS
APPLICATION: CAS
WHEN: Thu Jun 09 12:30:29 IST 2016
CLIENT IP ADDRESS: 127.0.0.1
SERVER IP ADDRESS: 127.0.0.1
=============================================================


2016-06-09 12:30:29,531 INFO [org.jasig.inspektr.audit.support.Slf4jLoggingAuditTrailManager] - Audit trail record BEGIN
=============================================================
WHO: casuser
WHAT: supplied credentials: [casuser]
ACTION: AUTHENTICATION_SUCCESS
APPLICATION: CAS
WHEN: Thu Jun 09 12:30:29 IST 2016
CLIENT IP ADDRESS: 127.0.0.1
SERVER IP ADDRESS: 127.0.0.1
=============================================================


2016-06-09 12:30:29,531 INFO [org.jasig.inspektr.audit.support.Slf4jLoggingAuditTrailManager] - Audit trail record BEGIN
=============================================================
WHO: casuser
WHAT: TGT-2-Hg29HcZIsF96KDMlWnBCvJlIuGUrm1o5R1nZGTvVnctesMelZq-cas01.example.org
ACTION: TICKET_GRANTING_TICKET_CREATED
APPLICATION: CAS
WHEN: Thu Jun 09 12:30:29 IST 2016
CLIENT IP ADDRESS: 127.0.0.1
SERVER IP ADDRESS: 127.0.0.1
=============================================================


2016-06-09 12:30:29,531 INFO [org.jasig.inspektr.audit.support.Slf4jLoggingAuditTrailManager] - Audit trail record BEGIN
=============================================================
WHO: casuser
WHAT: TGT-2-Hg29HcZIsF96KDMlWnBCvJlIuGUrm1o5R1nZGTvVnctesMelZq-cas01.example.org
ACTION: TICKET_GRANTING_TICKET_CREATED
APPLICATION: CAS
WHEN: Thu Jun 09 12:30:29 IST 2016
CLIENT IP ADDRESS: 127.0.0.1
SERVER IP ADDRESS: 127.0.0.1
=============================================================


2016-06-09 12:31:57,690 INFO [org.jasig.cas.services.DefaultServicesManagerImpl] - Reloading registered services.
2016-06-09 12:31:57,692 INFO [org.jasig.cas.services.DefaultServicesManagerImpl] - Loaded 2 services.
2016-06-09 12:33:57,689 INFO [org.jasig.cas.services.DefaultServicesManagerImpl] - Reloading registered services.
2016-06-09 12:33:57,690 INFO [org.jasig.cas.services.DefaultServicesManagerImpl] - Loaded 2 services.
2016-06-09 12:35:57,690 INFO [org.jasig.cas.services.DefaultServicesManagerImpl] - Reloading registered services.
2016-06-09 12:35:57,691 INFO [org.jasig.cas.services.DefaultServicesManagerImpl] - Loaded 2 services.
2016-06-09 12:37:57,690 INFO [org.jasig.cas.services.DefaultServicesManagerImpl] - Reloading registered services.
2016-06-09 12:37:57,691 INFO [org.jasig.cas.services.DefaultServicesManagerImpl] - Loaded 2 services.
2016-06-09 12:39:57,689 INFO [org.jasig.cas.services.DefaultServicesManagerImpl] - Reloading registered services.
2016-06-09 12:39:57,690 INFO [org.jasig.cas.services.DefaultServicesManagerImpl] - Loaded 2 services.
2016-06-09 12:41:57,689 INFO [org.jasig.cas.services.DefaultServicesManagerImpl] - Reloading registered services.
2016-06-09 12:41:57,690 INFO [org.jasig.cas.services.DefaultServicesManagerImpl] - Loaded 2 services.
2016-06-09 12:43:57,689 INFO [org.jasig.cas.services.DefaultServicesManagerImpl] - Reloading registered services.
2016-06-09 12:43:57,692 INFO [org.jasig.cas.services.DefaultServicesManagerImpl] - Loaded 2 services.
2016-06-09 12:45:57,689 INFO [org.jasig.cas.services.DefaultServicesManagerImpl] - Reloading registered services.
2016-06-09 12:45:57,690 INFO [org.jasig.cas.services.DefaultServicesManagerImpl] - Loaded 2 services.
2016-06-09 12:47:57,690 INFO [org.jasig.cas.services.DefaultServicesManagerImpl] - Reloading registered services.
2016-06-09 12:47:57,691 INFO [org.jasig.cas.services.DefaultServicesManagerImpl] - Loaded 2 services.
2016-06-09 12:49:57,690 INFO [org.jasig.cas.services.DefaultServicesManagerImpl] - Reloading registered services.
2016-06-09 12:49:57,691 INFO [org.jasig.cas.services.DefaultServicesManagerImpl] - Loaded 2 services.
2016-06-09 12:51:57,690 INFO [org.jasig.cas.services.DefaultServicesManagerImpl] - Reloading registered services.
2016-06-09 12:51:57,691 INFO [org.jasig.cas.services.DefaultServicesManagerImpl] - Loaded 2 services.
2016-06-09 12:53:57,689 INFO [org.jasig.cas.services.DefaultServicesManagerImpl] - Reloading registered services.
2016-06-09 12:53:57,690 INFO [org.jasig.cas.services.DefaultServicesManagerImpl] - Loaded 2 services.
2016-06-09 12:55:57,689 INFO [org.jasig.cas.services.DefaultServicesManagerImpl] - Reloading registered services.
2016-06-09 12:55:57,690 INFO [org.jasig.cas.services.DefaultServicesManagerImpl] - Loaded 2 services.
2016-06-09 12:57:57,689 INFO [org.jasig.cas.services.DefaultServicesManagerImpl] - Reloading registered services.
2016-06-09 12:57:57,690 INFO [org.jasig.cas.services.DefaultServicesManagerImpl] - Loaded 2 services.
2016-06-09 12:59:57,690 INFO [org.jasig.cas.services.DefaultServicesManagerImpl] - Reloading registered services.
2016-06-09 12:59:57,691 INFO [org.jasig.cas.services.DefaultServicesManagerImpl] - Loaded 2 services.
