2016-06-09 13:01:57,690 INFO [org.jasig.cas.services.DefaultServicesManagerImpl] - Reloading registered services.
2016-06-09 13:01:57,691 INFO [org.jasig.cas.services.DefaultServicesManagerImpl] - Loaded 2 services.
2016-06-09 13:03:57,690 INFO [org.jasig.cas.services.DefaultServicesManagerImpl] - Reloading registered services.
2016-06-09 13:03:57,691 INFO [org.jasig.cas.services.DefaultServicesManagerImpl] - Loaded 2 services.
2016-06-09 13:05:57,689 INFO [org.jasig.cas.services.DefaultServicesManagerImpl] - Reloading registered services.
2016-06-09 13:05:57,690 INFO [org.jasig.cas.services.DefaultServicesManagerImpl] - Loaded 2 services.
2016-06-09 13:07:57,689 INFO [org.jasig.cas.services.DefaultServicesManagerImpl] - Reloading registered services.
2016-06-09 13:07:57,690 INFO [org.jasig.cas.services.DefaultServicesManagerImpl] - Loaded 2 services.
2016-06-09 13:09:57,689 INFO [org.jasig.cas.services.DefaultServicesManagerImpl] - Reloading registered services.
2016-06-09 13:09:57,690 INFO [org.jasig.cas.services.DefaultServicesManagerImpl] - Loaded 2 services.
2016-06-09 13:11:57,690 INFO [org.jasig.cas.services.DefaultServicesManagerImpl] - Reloading registered services.
2016-06-09 13:11:57,691 INFO [org.jasig.cas.services.DefaultServicesManagerImpl] - Loaded 2 services.
2016-06-09 13:13:57,690 INFO [org.jasig.cas.services.DefaultServicesManagerImpl] - Reloading registered services.
2016-06-09 13:13:57,690 INFO [org.jasig.cas.services.DefaultServicesManagerImpl] - Loaded 2 services.
2016-06-09 13:15:57,689 INFO [org.jasig.cas.services.DefaultServicesManagerImpl] - Reloading registered services.
2016-06-09 13:15:57,690 INFO [org.jasig.cas.services.DefaultServicesManagerImpl] - Loaded 2 services.
2016-06-09 13:17:57,689 INFO [org.jasig.cas.services.DefaultServicesManagerImpl] - Reloading registered services.
2016-06-09 13:17:57,690 INFO [org.jasig.cas.services.DefaultServicesManagerImpl] - Loaded 2 services.
2016-06-09 13:19:57,689 INFO [org.jasig.cas.services.DefaultServicesManagerImpl] - Reloading registered services.
2016-06-09 13:19:57,690 INFO [org.jasig.cas.services.DefaultServicesManagerImpl] - Loaded 2 services.
2016-06-09 13:21:57,689 INFO [org.jasig.cas.services.DefaultServicesManagerImpl] - Reloading registered services.
2016-06-09 13:21:57,690 INFO [org.jasig.cas.services.DefaultServicesManagerImpl] - Loaded 2 services.
2016-06-09 13:23:57,689 INFO [org.jasig.cas.services.DefaultServicesManagerImpl] - Reloading registered services.
2016-06-09 13:23:57,690 INFO [org.jasig.cas.services.DefaultServicesManagerImpl] - Loaded 2 services.
2016-06-09 13:25:24,342 INFO [org.jasig.cas.authentication.PolicyBasedAuthenticationManager] - AcceptUsersAuthenticationHandler successfully authenticated casuser
2016-06-09 13:25:24,343 INFO [org.jasig.cas.authentication.PolicyBasedAuthenticationManager] - Authenticated casuser with credentials [casuser].
2016-06-09 13:25:24,343 INFO [org.jasig.inspektr.audit.support.Slf4jLoggingAuditTrailManager] - Audit trail record BEGIN
=============================================================
WHO: casuser
WHAT: supplied credentials: [casuser]
ACTION: AUTHENTICATION_SUCCESS
APPLICATION: CAS
WHEN: Thu Jun 09 13:25:24 IST 2016
CLIENT IP ADDRESS: 127.0.0.1
SERVER IP ADDRESS: 127.0.0.1
=============================================================


2016-06-09 13:25:24,343 INFO [org.jasig.inspektr.audit.support.Slf4jLoggingAuditTrailManager] - Audit trail record BEGIN
=============================================================
WHO: casuser
WHAT: supplied credentials: [casuser]
ACTION: AUTHENTICATION_SUCCESS
APPLICATION: CAS
WHEN: Thu Jun 09 13:25:24 IST 2016
CLIENT IP ADDRESS: 127.0.0.1
SERVER IP ADDRESS: 127.0.0.1
=============================================================


2016-06-09 13:25:24,343 INFO [org.jasig.inspektr.audit.support.Slf4jLoggingAuditTrailManager] - Audit trail record BEGIN
=============================================================
WHO: casuser
WHAT: TGT-3-N1sfrxiOgWrqNzwIbNaVXFIdwQy7Oe3dpc1wgcVaqiIbs2JuUO-cas01.example.org
ACTION: TICKET_GRANTING_TICKET_CREATED
APPLICATION: CAS
WHEN: Thu Jun 09 13:25:24 IST 2016
CLIENT IP ADDRESS: 127.0.0.1
SERVER IP ADDRESS: 127.0.0.1
=============================================================


2016-06-09 13:25:24,343 INFO [org.jasig.inspektr.audit.support.Slf4jLoggingAuditTrailManager] - Audit trail record BEGIN
=============================================================
WHO: casuser
WHAT: TGT-3-N1sfrxiOgWrqNzwIbNaVXFIdwQy7Oe3dpc1wgcVaqiIbs2JuUO-cas01.example.org
ACTION: TICKET_GRANTING_TICKET_CREATED
APPLICATION: CAS
WHEN: Thu Jun 09 13:25:24 IST 2016
CLIENT IP ADDRESS: 127.0.0.1
SERVER IP ADDRESS: 127.0.0.1
=============================================================


2016-06-09 13:25:57,689 INFO [org.jasig.cas.services.DefaultServicesManagerImpl] - Reloading registered services.
2016-06-09 13:25:57,690 INFO [org.jasig.cas.services.DefaultServicesManagerImpl] - Loaded 2 services.
2016-06-09 13:27:54,613 INFO [org.jasig.cas.authentication.PolicyBasedAuthenticationManager] - AcceptUsersAuthenticationHandler successfully authenticated casuser
2016-06-09 13:27:54,614 INFO [org.jasig.cas.authentication.PolicyBasedAuthenticationManager] - Authenticated casuser with credentials [casuser].
2016-06-09 13:27:54,614 INFO [org.jasig.inspektr.audit.support.Slf4jLoggingAuditTrailManager] - Audit trail record BEGIN
=============================================================
WHO: casuser
WHAT: supplied credentials: [casuser]
ACTION: AUTHENTICATION_SUCCESS
APPLICATION: CAS
WHEN: Thu Jun 09 13:27:54 IST 2016
CLIENT IP ADDRESS: 127.0.0.1
SERVER IP ADDRESS: 127.0.0.1
=============================================================


2016-06-09 13:27:54,614 INFO [org.jasig.inspektr.audit.support.Slf4jLoggingAuditTrailManager] - Audit trail record BEGIN
=============================================================
WHO: casuser
WHAT: supplied credentials: [casuser]
ACTION: AUTHENTICATION_SUCCESS
APPLICATION: CAS
WHEN: Thu Jun 09 13:27:54 IST 2016
CLIENT IP ADDRESS: 127.0.0.1
SERVER IP ADDRESS: 127.0.0.1
=============================================================


2016-06-09 13:27:54,614 INFO [org.jasig.inspektr.audit.support.Slf4jLoggingAuditTrailManager] - Audit trail record BEGIN
=============================================================
WHO: casuser
WHAT: TGT-4-IZNIcxfBUuXeCddp4wYSRB4mOCzSmDmggdeqfMkZpEZ566gnfi-cas01.example.org
ACTION: TICKET_GRANTING_TICKET_CREATED
APPLICATION: CAS
WHEN: Thu Jun 09 13:27:54 IST 2016
CLIENT IP ADDRESS: 127.0.0.1
SERVER IP ADDRESS: 127.0.0.1
=============================================================


2016-06-09 13:27:54,614 INFO [org.jasig.inspektr.audit.support.Slf4jLoggingAuditTrailManager] - Audit trail record BEGIN
=============================================================
WHO: casuser
WHAT: TGT-4-IZNIcxfBUuXeCddp4wYSRB4mOCzSmDmggdeqfMkZpEZ566gnfi-cas01.example.org
ACTION: TICKET_GRANTING_TICKET_CREATED
APPLICATION: CAS
WHEN: Thu Jun 09 13:27:54 IST 2016
CLIENT IP ADDRESS: 127.0.0.1
SERVER IP ADDRESS: 127.0.0.1
=============================================================


2016-06-09 13:27:57,689 INFO [org.jasig.cas.services.DefaultServicesManagerImpl] - Reloading registered services.
2016-06-09 13:27:57,690 INFO [org.jasig.cas.services.DefaultServicesManagerImpl] - Loaded 2 services.
2016-06-09 13:29:57,690 INFO [org.jasig.cas.services.DefaultServicesManagerImpl] - Reloading registered services.
2016-06-09 13:29:57,690 INFO [org.jasig.cas.services.DefaultServicesManagerImpl] - Loaded 2 services.
2016-06-09 13:31:57,689 INFO [org.jasig.cas.services.DefaultServicesManagerImpl] - Reloading registered services.
2016-06-09 13:31:57,692 INFO [org.jasig.cas.services.DefaultServicesManagerImpl] - Loaded 2 services.
2016-06-09 13:33:57,689 INFO [org.jasig.cas.services.DefaultServicesManagerImpl] - Reloading registered services.
2016-06-09 13:33:57,690 INFO [org.jasig.cas.services.DefaultServicesManagerImpl] - Loaded 2 services.
2016-06-09 13:35:57,690 INFO [org.jasig.cas.services.DefaultServicesManagerImpl] - Reloading registered services.
2016-06-09 13:35:57,690 INFO [org.jasig.cas.services.DefaultServicesManagerImpl] - Loaded 2 services.
2016-06-09 13:37:57,689 INFO [org.jasig.cas.services.DefaultServicesManagerImpl] - Reloading registered services.
2016-06-09 13:37:57,690 INFO [org.jasig.cas.services.DefaultServicesManagerImpl] - Loaded 2 services.
2016-06-09 13:39:57,689 INFO [org.jasig.cas.services.DefaultServicesManagerImpl] - Reloading registered services.
2016-06-09 13:39:57,690 INFO [org.jasig.cas.services.DefaultServicesManagerImpl] - Loaded 2 services.
2016-06-09 13:41:57,690 INFO [org.jasig.cas.services.DefaultServicesManagerImpl] - Reloading registered services.
2016-06-09 13:41:57,690 INFO [org.jasig.cas.services.DefaultServicesManagerImpl] - Loaded 2 services.
2016-06-09 13:43:57,690 INFO [org.jasig.cas.services.DefaultServicesManagerImpl] - Reloading registered services.
2016-06-09 13:43:57,690 INFO [org.jasig.cas.services.DefaultServicesManagerImpl] - Loaded 2 services.
2016-06-09 13:45:57,689 INFO [org.jasig.cas.services.DefaultServicesManagerImpl] - Reloading registered services.
2016-06-09 13:45:57,690 INFO [org.jasig.cas.services.DefaultServicesManagerImpl] - Loaded 2 services.
2016-06-09 13:47:03,712 INFO [org.jasig.cas.authentication.PolicyBasedAuthenticationManager] - AcceptUsersAuthenticationHandler successfully authenticated casuser
2016-06-09 13:47:03,712 INFO [org.jasig.cas.authentication.PolicyBasedAuthenticationManager] - Authenticated casuser with credentials [casuser].
2016-06-09 13:47:03,712 INFO [org.jasig.inspektr.audit.support.Slf4jLoggingAuditTrailManager] - Audit trail record BEGIN
=============================================================
WHO: casuser
WHAT: supplied credentials: [casuser]
ACTION: AUTHENTICATION_SUCCESS
APPLICATION: CAS
WHEN: Thu Jun 09 13:47:03 IST 2016
CLIENT IP ADDRESS: 127.0.0.1
SERVER IP ADDRESS: 127.0.0.1
=============================================================


2016-06-09 13:47:03,712 INFO [org.jasig.inspektr.audit.support.Slf4jLoggingAuditTrailManager] - Audit trail record BEGIN
=============================================================
WHO: casuser
WHAT: supplied credentials: [casuser]
ACTION: AUTHENTICATION_SUCCESS
APPLICATION: CAS
WHEN: Thu Jun 09 13:47:03 IST 2016
CLIENT IP ADDRESS: 127.0.0.1
SERVER IP ADDRESS: 127.0.0.1
=============================================================


2016-06-09 13:47:03,712 INFO [org.jasig.inspektr.audit.support.Slf4jLoggingAuditTrailManager] - Audit trail record BEGIN
=============================================================
WHO: casuser
WHAT: TGT-5-pZNmgjRtrPl6B7zQB6eJVcAWIFrt3xbOIbxQ5Qp40ngCF9Zhlv-cas01.example.org
ACTION: TICKET_GRANTING_TICKET_CREATED
APPLICATION: CAS
WHEN: Thu Jun 09 13:47:03 IST 2016
CLIENT IP ADDRESS: 127.0.0.1
SERVER IP ADDRESS: 127.0.0.1
=============================================================


2016-06-09 13:47:03,712 INFO [org.jasig.inspektr.audit.support.Slf4jLoggingAuditTrailManager] - Audit trail record BEGIN
=============================================================
WHO: casuser
WHAT: TGT-5-pZNmgjRtrPl6B7zQB6eJVcAWIFrt3xbOIbxQ5Qp40ngCF9Zhlv-cas01.example.org
ACTION: TICKET_GRANTING_TICKET_CREATED
APPLICATION: CAS
WHEN: Thu Jun 09 13:47:03 IST 2016
CLIENT IP ADDRESS: 127.0.0.1
SERVER IP ADDRESS: 127.0.0.1
=============================================================


2016-06-09 13:47:20,436 INFO [org.jasig.cas.authentication.PolicyBasedAuthenticationManager] - AcceptUsersAuthenticationHandler successfully authenticated casuser
2016-06-09 13:47:20,436 INFO [org.jasig.cas.authentication.PolicyBasedAuthenticationManager] - Authenticated casuser with credentials [casuser].
2016-06-09 13:47:20,436 INFO [org.jasig.inspektr.audit.support.Slf4jLoggingAuditTrailManager] - Audit trail record BEGIN
=============================================================
WHO: casuser
WHAT: supplied credentials: [casuser]
ACTION: AUTHENTICATION_SUCCESS
APPLICATION: CAS
WHEN: Thu Jun 09 13:47:20 IST 2016
CLIENT IP ADDRESS: 127.0.0.1
SERVER IP ADDRESS: 127.0.0.1
=============================================================


2016-06-09 13:47:20,436 INFO [org.jasig.inspektr.audit.support.Slf4jLoggingAuditTrailManager] - Audit trail record BEGIN
=============================================================
WHO: casuser
WHAT: supplied credentials: [casuser]
ACTION: AUTHENTICATION_SUCCESS
APPLICATION: CAS
WHEN: Thu Jun 09 13:47:20 IST 2016
CLIENT IP ADDRESS: 127.0.0.1
SERVER IP ADDRESS: 127.0.0.1
=============================================================


2016-06-09 13:47:20,436 INFO [org.jasig.inspektr.audit.support.Slf4jLoggingAuditTrailManager] - Audit trail record BEGIN
=============================================================
WHO: casuser
WHAT: TGT-6-YbGRqfkhrnuvTVaIsqAcpYTlYBRQJhBMLFfEEOcsyDhMc3Kd7b-cas01.example.org
ACTION: TICKET_GRANTING_TICKET_CREATED
APPLICATION: CAS
WHEN: Thu Jun 09 13:47:20 IST 2016
CLIENT IP ADDRESS: 127.0.0.1
SERVER IP ADDRESS: 127.0.0.1
=============================================================


2016-06-09 13:47:20,436 INFO [org.jasig.inspektr.audit.support.Slf4jLoggingAuditTrailManager] - Audit trail record BEGIN
=============================================================
WHO: casuser
WHAT: TGT-6-YbGRqfkhrnuvTVaIsqAcpYTlYBRQJhBMLFfEEOcsyDhMc3Kd7b-cas01.example.org
ACTION: TICKET_GRANTING_TICKET_CREATED
APPLICATION: CAS
WHEN: Thu Jun 09 13:47:20 IST 2016
CLIENT IP ADDRESS: 127.0.0.1
SERVER IP ADDRESS: 127.0.0.1
=============================================================


2016-06-09 13:47:40,053 INFO [org.jasig.cas.util.AutowiringSchedulerFactoryBean] - Shutting down Quartz Scheduler
