type=GAUGE, name=jvm.fd.usage, value=0.001739501953125
type=GAUGE, name=jvm.gc.PS-MarkSweep.count, value=4
type=GAUGE, name=jvm.gc.PS-MarkSweep.time, value=421
type=GAUGE, name=jvm.gc.PS-Scavenge.count, value=12
type=GAUGE, name=jvm.gc.PS-Scavenge.time, value=328
type=GAUGE, name=jvm.memory.heap.committed, value=880279552
type=GAUGE, name=jvm.memory.heap.init, value=130023424
type=GAUGE, name=jvm.memory.heap.max, value=1841823744
type=GAUGE, name=jvm.memory.heap.usage, value=0.13761715084068327
type=GAUGE, name=jvm.memory.heap.used, value=253466536
type=GAUGE, name=jvm.memory.non-heap.committed, value=93114368
type=GAUGE, name=jvm.memory.non-heap.init, value=2555904
type=GAUGE, name=jvm.memory.non-heap.max, value=-1
type=GAUGE, name=jvm.memory.non-heap.usage, value=-9.0343128E7
type=GAUGE, name=jvm.memory.non-heap.used, value=90343192
type=GAUGE, name=jvm.memory.pools.Code-Cache.committed, value=19988480
type=GAUGE, name=jvm.memory.pools.Code-Cache.init, value=2555904
type=GAUGE, name=jvm.memory.pools.Code-Cache.max, value=251658240
type=GAUGE, name=jvm.memory.pools.Code-Cache.usage, value=0.07696075439453125
type=GAUGE, name=jvm.memory.pools.Code-Cache.used, value=19367808
type=GAUGE, name=jvm.memory.pools.Compressed-Class-Space.committed, value=8126464
type=GAUGE, name=jvm.memory.pools.Compressed-Class-Space.init, value=0
type=GAUGE, name=jvm.memory.pools.Compressed-Class-Space.max, value=1073741824
type=GAUGE, name=jvm.memory.pools.Compressed-Class-Space.usage, value=0.0071852728724479675
type=GAUGE, name=jvm.memory.pools.Compressed-Class-Space.used, value=7715128
type=GAUGE, name=jvm.memory.pools.Metaspace.committed, value=64999424
type=GAUGE, name=jvm.memory.pools.Metaspace.init, value=0
type=GAUGE, name=jvm.memory.pools.Metaspace.max, value=-1
type=GAUGE, name=jvm.memory.pools.Metaspace.usage, value=0.9732487475581322
type=GAUGE, name=jvm.memory.pools.Metaspace.used, value=63261800
type=GAUGE, name=jvm.memory.pools.PS-Eden-Space.committed, value=521666560
type=GAUGE, name=jvm.memory.pools.PS-Eden-Space.init, value=32505856
type=GAUGE, name=jvm.memory.pools.PS-Eden-Space.max, value=546832384
type=GAUGE, name=jvm.memory.pools.PS-Eden-Space.usage, value=0.19422423965293176
type=GAUGE, name=jvm.memory.pools.PS-Eden-Space.used, value=106208104
type=GAUGE, name=jvm.memory.pools.PS-Old-Gen.committed, value=299368448
type=GAUGE, name=jvm.memory.pools.PS-Old-Gen.init, value=87031808
type=GAUGE, name=jvm.memory.pools.PS-Old-Gen.max, value=1381498880
type=GAUGE, name=jvm.memory.pools.PS-Old-Gen.usage, value=0.10659323299632353
type=GAUGE, name=jvm.memory.pools.PS-Old-Gen.used, value=147258432
type=GAUGE, name=jvm.memory.pools.PS-Survivor-Space.committed, value=59244544
type=GAUGE, name=jvm.memory.pools.PS-Survivor-Space.init, value=5242880
type=GAUGE, name=jvm.memory.pools.PS-Survivor-Space.max, value=59244544
type=GAUGE, name=jvm.memory.pools.PS-Survivor-Space.usage, value=0.0
type=GAUGE, name=jvm.memory.pools.PS-Survivor-Space.used, value=0
type=GAUGE, name=jvm.memory.total.committed, value=973393920
type=GAUGE, name=jvm.memory.total.init, value=132579328
type=GAUGE, name=jvm.memory.total.max, value=1841823743
type=GAUGE, name=jvm.memory.total.used, value=343814208
type=GAUGE, name=jvm.thread-states.blocked.count, value=0
type=GAUGE, name=jvm.thread-states.count, value=52
type=GAUGE, name=jvm.thread-states.daemon.count, value=40
type=GAUGE, name=jvm.thread-states.deadlock.count, value=0
type=GAUGE, name=jvm.thread-states.deadlocks, value=[]
type=GAUGE, name=jvm.thread-states.new.count, value=0
type=GAUGE, name=jvm.thread-states.runnable.count, value=12
type=GAUGE, name=jvm.thread-states.terminated.count, value=0
type=GAUGE, name=jvm.thread-states.timed_waiting.count, value=25
type=GAUGE, name=jvm.thread-states.waiting.count, value=15
type=METER, name=org.jasig.cas.CentralAuthenticationServiceImpl.CREATE_TICKET_GRANTING_TICKET_METER, count=0, mean_rate=0.0, m1=0.0, m5=0.0, m15=0.0, rate_unit=events/millisecond
type=METER, name=org.jasig.cas.CentralAuthenticationServiceImpl.DESTROY_TICKET_GRANTING_TICKET_METER, count=0, mean_rate=0.0, m1=0.0, m5=0.0, m15=0.0, rate_unit=events/millisecond
type=METER, name=org.jasig.cas.CentralAuthenticationServiceImpl.GET_TICKETS_METER, count=1, mean_rate=0.0, m1=0.0, m5=0.0, m15=0.0, rate_unit=events/millisecond
type=METER, name=org.jasig.cas.CentralAuthenticationServiceImpl.GET_TICKET_METER, count=0, mean_rate=0.0, m1=0.0, m5=0.0, m15=0.0, rate_unit=events/millisecond
type=METER, name=org.jasig.cas.CentralAuthenticationServiceImpl.GRANT_PROXY_GRANTING_TICKET_METER, count=0, mean_rate=0.0, m1=0.0, m5=0.0, m15=0.0, rate_unit=events/millisecond
type=METER, name=org.jasig.cas.CentralAuthenticationServiceImpl.GRANT_SERVICE_TICKET_METER, count=0, mean_rate=0.0, m1=0.0, m5=0.0, m15=0.0, rate_unit=events/millisecond
type=METER, name=org.jasig.cas.CentralAuthenticationServiceImpl.VALIDATE_SERVICE_TICKET_METER, count=0, mean_rate=0.0, m1=0.0, m5=0.0, m15=0.0, rate_unit=events/millisecond
type=TIMER, name=org.jasig.cas.CentralAuthenticationServiceImpl.CREATE_TICKET_GRANTING_TICKET_TIMER, count=0, min=0.0, max=0.0, mean=0.0, stddev=0.0, median=0.0, p75=0.0, p95=0.0, p98=0.0, p99=0.0, p999=0.0, mean_rate=0.0, m1=0.0, m5=0.0, m15=0.0, rate_unit=events/millisecond, duration_unit=milliseconds
type=TIMER, name=org.jasig.cas.CentralAuthenticationServiceImpl.DESTROY_TICKET_GRANTING_TICKET_TIMER, count=0, min=0.0, max=0.0, mean=0.0, stddev=0.0, median=0.0, p75=0.0, p95=0.0, p98=0.0, p99=0.0, p999=0.0, mean_rate=0.0, m1=0.0, m5=0.0, m15=0.0, rate_unit=events/millisecond, duration_unit=milliseconds
type=TIMER, name=org.jasig.cas.CentralAuthenticationServiceImpl.GET_TICKETS_TIMER, count=1, min=0.117292, max=0.117292, mean=0.117292, stddev=0.0, median=0.117292, p75=0.117292, p95=0.117292, p98=0.117292, p99=0.117292, p999=0.117292, mean_rate=0.0, m1=0.0, m5=0.0, m15=0.0, rate_unit=events/millisecond, duration_unit=milliseconds
type=TIMER, name=org.jasig.cas.CentralAuthenticationServiceImpl.GET_TICKET_TIMER, count=0, min=0.0, max=0.0, mean=0.0, stddev=0.0, median=0.0, p75=0.0, p95=0.0, p98=0.0, p99=0.0, p999=0.0, mean_rate=0.0, m1=0.0, m5=0.0, m15=0.0, rate_unit=events/millisecond, duration_unit=milliseconds
type=TIMER, name=org.jasig.cas.CentralAuthenticationServiceImpl.GRANT_PROXY_GRANTING_TICKET_TIMER, count=0, min=0.0, max=0.0, mean=0.0, stddev=0.0, median=0.0, p75=0.0, p95=0.0, p98=0.0, p99=0.0, p999=0.0, mean_rate=0.0, m1=0.0, m5=0.0, m15=0.0, rate_unit=events/millisecond, duration_unit=milliseconds
type=TIMER, name=org.jasig.cas.CentralAuthenticationServiceImpl.GRANT_SERVICE_TICKET_TIMER, count=0, min=0.0, max=0.0, mean=0.0, stddev=0.0, median=0.0, p75=0.0, p95=0.0, p98=0.0, p99=0.0, p999=0.0, mean_rate=0.0, m1=0.0, m5=0.0, m15=0.0, rate_unit=events/millisecond, duration_unit=milliseconds
type=TIMER, name=org.jasig.cas.CentralAuthenticationServiceImpl.VALIDATE_SERVICE_TICKET_TIMER, count=0, min=0.0, max=0.0, mean=0.0, stddev=0.0, median=0.0, p75=0.0, p95=0.0, p98=0.0, p99=0.0, p999=0.0, mean_rate=0.0, m1=0.0, m5=0.0, m15=0.0, rate_unit=events/millisecond, duration_unit=milliseconds
type=GAUGE, name=jvm.fd.usage, value=0.0017242431640625
type=GAUGE, name=jvm.gc.PS-MarkSweep.count, value=4
type=GAUGE, name=jvm.gc.PS-MarkSweep.time, value=421
type=GAUGE, name=jvm.gc.PS-Scavenge.count, value=12
type=GAUGE, name=jvm.gc.PS-Scavenge.time, value=328
type=GAUGE, name=jvm.memory.heap.committed, value=880279552
type=GAUGE, name=jvm.memory.heap.init, value=130023424
type=GAUGE, name=jvm.memory.heap.max, value=1841823744
type=GAUGE, name=jvm.memory.heap.usage, value=0.14063887320588261
type=GAUGE, name=jvm.memory.heap.used, value=259032016
type=GAUGE, name=jvm.memory.non-heap.committed, value=93114368
type=GAUGE, name=jvm.memory.non-heap.init, value=2555904
type=GAUGE, name=jvm.memory.non-heap.max, value=-1
type=GAUGE, name=jvm.memory.non-heap.usage, value=-9.0587816E7
type=GAUGE, name=jvm.memory.non-heap.used, value=90588304
type=GAUGE, name=jvm.memory.pools.Code-Cache.committed, value=19988480
type=GAUGE, name=jvm.memory.pools.Code-Cache.init, value=2555904
type=GAUGE, name=jvm.memory.pools.Code-Cache.max, value=251658240
type=GAUGE, name=jvm.memory.pools.Code-Cache.usage, value=0.07746785481770833
type=GAUGE, name=jvm.memory.pools.Code-Cache.used, value=19495424
type=GAUGE, name=jvm.memory.pools.Compressed-Class-Space.committed, value=8126464
type=GAUGE, name=jvm.memory.pools.Compressed-Class-Space.init, value=0
type=GAUGE, name=jvm.memory.pools.Compressed-Class-Space.max, value=1073741824
type=GAUGE, name=jvm.memory.pools.Compressed-Class-Space.usage, value=0.007190026342868805
type=GAUGE, name=jvm.memory.pools.Compressed-Class-Space.used, value=7720232
type=GAUGE, name=jvm.memory.pools.Metaspace.committed, value=64999424
type=GAUGE, name=jvm.memory.pools.Metaspace.init, value=0
type=GAUGE, name=jvm.memory.pools.Metaspace.max, value=-1
type=GAUGE, name=jvm.memory.pools.Metaspace.usage, value=0.9749906706865586
type=GAUGE, name=jvm.memory.pools.Metaspace.used, value=63373832
type=GAUGE, name=jvm.memory.pools.PS-Eden-Space.committed, value=521666560
type=GAUGE, name=jvm.memory.pools.PS-Eden-Space.init, value=32505856
type=GAUGE, name=jvm.memory.pools.PS-Eden-Space.max, value=546832384
type=GAUGE, name=jvm.memory.pools.PS-Eden-Space.usage, value=0.20440191047646514
type=GAUGE, name=jvm.memory.pools.PS-Eden-Space.used, value=111773584
type=GAUGE, name=jvm.memory.pools.PS-Old-Gen.committed, value=299368448
type=GAUGE, name=jvm.memory.pools.PS-Old-Gen.init, value=87031808
type=GAUGE, name=jvm.memory.pools.PS-Old-Gen.max, value=1381498880
type=GAUGE, name=jvm.memory.pools.PS-Old-Gen.usage, value=0.10659323299632353
type=GAUGE, name=jvm.memory.pools.PS-Old-Gen.used, value=147258432
type=GAUGE, name=jvm.memory.pools.PS-Survivor-Space.committed, value=59244544
type=GAUGE, name=jvm.memory.pools.PS-Survivor-Space.init, value=5242880
type=GAUGE, name=jvm.memory.pools.PS-Survivor-Space.max, value=59244544
type=GAUGE, name=jvm.memory.pools.PS-Survivor-Space.usage, value=0.0
type=GAUGE, name=jvm.memory.pools.PS-Survivor-Space.used, value=0
type=GAUGE, name=jvm.memory.total.committed, value=973393920
type=GAUGE, name=jvm.memory.total.init, value=132579328
type=GAUGE, name=jvm.memory.total.max, value=1841823743
type=GAUGE, name=jvm.memory.total.used, value=349630456
type=GAUGE, name=jvm.thread-states.blocked.count, value=0
type=GAUGE, name=jvm.thread-states.count, value=54
type=GAUGE, name=jvm.thread-states.daemon.count, value=42
type=GAUGE, name=jvm.thread-states.deadlock.count, value=0
type=GAUGE, name=jvm.thread-states.deadlocks, value=[]
type=GAUGE, name=jvm.thread-states.new.count, value=0
type=GAUGE, name=jvm.thread-states.runnable.count, value=12
type=GAUGE, name=jvm.thread-states.terminated.count, value=0
type=GAUGE, name=jvm.thread-states.timed_waiting.count, value=25
type=GAUGE, name=jvm.thread-states.waiting.count, value=17
type=METER, name=org.jasig.cas.CentralAuthenticationServiceImpl.CREATE_TICKET_GRANTING_TICKET_METER, count=0, mean_rate=0.0, m1=0.0, m5=0.0, m15=0.0, rate_unit=events/millisecond
type=METER, name=org.jasig.cas.CentralAuthenticationServiceImpl.DESTROY_TICKET_GRANTING_TICKET_METER, count=0, mean_rate=0.0, m1=0.0, m5=0.0, m15=0.0, rate_unit=events/millisecond
type=METER, name=org.jasig.cas.CentralAuthenticationServiceImpl.GET_TICKETS_METER, count=1, mean_rate=0.0, m1=0.0, m5=0.0, m15=0.0, rate_unit=events/millisecond
type=METER, name=org.jasig.cas.CentralAuthenticationServiceImpl.GET_TICKET_METER, count=0, mean_rate=0.0, m1=0.0, m5=0.0, m15=0.0, rate_unit=events/millisecond
type=METER, name=org.jasig.cas.CentralAuthenticationServiceImpl.GRANT_PROXY_GRANTING_TICKET_METER, count=0, mean_rate=0.0, m1=0.0, m5=0.0, m15=0.0, rate_unit=events/millisecond
type=METER, name=org.jasig.cas.CentralAuthenticationServiceImpl.GRANT_SERVICE_TICKET_METER, count=0, mean_rate=0.0, m1=0.0, m5=0.0, m15=0.0, rate_unit=events/millisecond
type=METER, name=org.jasig.cas.CentralAuthenticationServiceImpl.VALIDATE_SERVICE_TICKET_METER, count=0, mean_rate=0.0, m1=0.0, m5=0.0, m15=0.0, rate_unit=events/millisecond
type=TIMER, name=org.jasig.cas.CentralAuthenticationServiceImpl.CREATE_TICKET_GRANTING_TICKET_TIMER, count=0, min=0.0, max=0.0, mean=0.0, stddev=0.0, median=0.0, p75=0.0, p95=0.0, p98=0.0, p99=0.0, p999=0.0, mean_rate=0.0, m1=0.0, m5=0.0, m15=0.0, rate_unit=events/millisecond, duration_unit=milliseconds
type=TIMER, name=org.jasig.cas.CentralAuthenticationServiceImpl.DESTROY_TICKET_GRANTING_TICKET_TIMER, count=0, min=0.0, max=0.0, mean=0.0, stddev=0.0, median=0.0, p75=0.0, p95=0.0, p98=0.0, p99=0.0, p999=0.0, mean_rate=0.0, m1=0.0, m5=0.0, m15=0.0, rate_unit=events/millisecond, duration_unit=milliseconds
type=TIMER, name=org.jasig.cas.CentralAuthenticationServiceImpl.GET_TICKETS_TIMER, count=1, min=0.117292, max=0.117292, mean=0.117292, stddev=0.0, median=0.117292, p75=0.117292, p95=0.117292, p98=0.117292, p99=0.117292, p999=0.117292, mean_rate=0.0, m1=0.0, m5=0.0, m15=0.0, rate_unit=events/millisecond, duration_unit=milliseconds
type=TIMER, name=org.jasig.cas.CentralAuthenticationServiceImpl.GET_TICKET_TIMER, count=0, min=0.0, max=0.0, mean=0.0, stddev=0.0, median=0.0, p75=0.0, p95=0.0, p98=0.0, p99=0.0, p999=0.0, mean_rate=0.0, m1=0.0, m5=0.0, m15=0.0, rate_unit=events/millisecond, duration_unit=milliseconds
type=TIMER, name=org.jasig.cas.CentralAuthenticationServiceImpl.GRANT_PROXY_GRANTING_TICKET_TIMER, count=0, min=0.0, max=0.0, mean=0.0, stddev=0.0, median=0.0, p75=0.0, p95=0.0, p98=0.0, p99=0.0, p999=0.0, mean_rate=0.0, m1=0.0, m5=0.0, m15=0.0, rate_unit=events/millisecond, duration_unit=milliseconds
type=TIMER, name=org.jasig.cas.CentralAuthenticationServiceImpl.GRANT_SERVICE_TICKET_TIMER, count=0, min=0.0, max=0.0, mean=0.0, stddev=0.0, median=0.0, p75=0.0, p95=0.0, p98=0.0, p99=0.0, p999=0.0, mean_rate=0.0, m1=0.0, m5=0.0, m15=0.0, rate_unit=events/millisecond, duration_unit=milliseconds
type=TIMER, name=org.jasig.cas.CentralAuthenticationServiceImpl.VALIDATE_SERVICE_TICKET_TIMER, count=0, min=0.0, max=0.0, mean=0.0, stddev=0.0, median=0.0, p75=0.0, p95=0.0, p98=0.0, p99=0.0, p999=0.0, mean_rate=0.0, m1=0.0, m5=0.0, m15=0.0, rate_unit=events/millisecond, duration_unit=milliseconds
type=GAUGE, name=jvm.fd.usage, value=0.0017242431640625
type=GAUGE, name=jvm.gc.PS-MarkSweep.count, value=4
type=GAUGE, name=jvm.gc.PS-MarkSweep.time, value=421
type=GAUGE, name=jvm.gc.PS-Scavenge.count, value=12
type=GAUGE, name=jvm.gc.PS-Scavenge.time, value=328
type=GAUGE, name=jvm.memory.heap.committed, value=880279552
type=GAUGE, name=jvm.memory.heap.init, value=130023424
type=GAUGE, name=jvm.memory.heap.max, value=1841823744
type=GAUGE, name=jvm.memory.heap.usage, value=0.14063887320588261
type=GAUGE, name=jvm.memory.heap.used, value=259032016
type=GAUGE, name=jvm.memory.non-heap.committed, value=93114368
type=GAUGE, name=jvm.memory.non-heap.init, value=2555904
type=GAUGE, name=jvm.memory.non-heap.max, value=-1
type=GAUGE, name=jvm.memory.non-heap.usage, value=-9.0732536E7
type=GAUGE, name=jvm.memory.non-heap.used, value=90732536
type=GAUGE, name=jvm.memory.pools.Code-Cache.committed, value=19988480
type=GAUGE, name=jvm.memory.pools.Code-Cache.init, value=2555904
type=GAUGE, name=jvm.memory.pools.Code-Cache.max, value=251658240
type=GAUGE, name=jvm.memory.pools.Code-Cache.usage, value=0.07796961466471354
type=GAUGE, name=jvm.memory.pools.Code-Cache.used, value=19621696
type=GAUGE, name=jvm.memory.pools.Compressed-Class-Space.committed, value=8126464
type=GAUGE, name=jvm.memory.pools.Compressed-Class-Space.init, value=0
type=GAUGE, name=jvm.memory.pools.Compressed-Class-Space.max, value=1073741824
type=GAUGE, name=jvm.memory.pools.Compressed-Class-Space.usage, value=0.007190026342868805
type=GAUGE, name=jvm.memory.pools.Compressed-Class-Space.used, value=7720232
type=GAUGE, name=jvm.memory.pools.Metaspace.committed, value=64999424
type=GAUGE, name=jvm.memory.pools.Metaspace.init, value=0
type=GAUGE, name=jvm.memory.pools.Metaspace.max, value=-1
type=GAUGE, name=jvm.memory.pools.Metaspace.usage, value=0.9752487652813662
type=GAUGE, name=jvm.memory.pools.Metaspace.used, value=63390608
type=GAUGE, name=jvm.memory.pools.PS-Eden-Space.committed, value=521666560
type=GAUGE, name=jvm.memory.pools.PS-Eden-Space.init, value=32505856
type=GAUGE, name=jvm.memory.pools.PS-Eden-Space.max, value=546832384
type=GAUGE, name=jvm.memory.pools.PS-Eden-Space.usage, value=0.20440191047646514
type=GAUGE, name=jvm.memory.pools.PS-Eden-Space.used, value=111773584
type=GAUGE, name=jvm.memory.pools.PS-Old-Gen.committed, value=299368448
type=GAUGE, name=jvm.memory.pools.PS-Old-Gen.init, value=87031808
type=GAUGE, name=jvm.memory.pools.PS-Old-Gen.max, value=1381498880
type=GAUGE, name=jvm.memory.pools.PS-Old-Gen.usage, value=0.10659323299632353
type=GAUGE, name=jvm.memory.pools.PS-Old-Gen.used, value=147258432
type=GAUGE, name=jvm.memory.pools.PS-Survivor-Space.committed, value=59244544
type=GAUGE, name=jvm.memory.pools.PS-Survivor-Space.init, value=5242880
type=GAUGE, name=jvm.memory.pools.PS-Survivor-Space.max, value=59244544
type=GAUGE, name=jvm.memory.pools.PS-Survivor-Space.usage, value=0.0
type=GAUGE, name=jvm.memory.pools.PS-Survivor-Space.used, value=0
type=GAUGE, name=jvm.memory.total.committed, value=973393920
type=GAUGE, name=jvm.memory.total.init, value=132579328
type=GAUGE, name=jvm.memory.total.max, value=1841823743
type=GAUGE, name=jvm.memory.total.used, value=349764552
type=GAUGE, name=jvm.thread-states.blocked.count, value=0
type=GAUGE, name=jvm.thread-states.count, value=54
type=GAUGE, name=jvm.thread-states.daemon.count, value=42
type=GAUGE, name=jvm.thread-states.deadlock.count, value=0
type=GAUGE, name=jvm.thread-states.deadlocks, value=[]
type=GAUGE, name=jvm.thread-states.new.count, value=0
type=GAUGE, name=jvm.thread-states.runnable.count, value=12
type=GAUGE, name=jvm.thread-states.terminated.count, value=0
type=GAUGE, name=jvm.thread-states.timed_waiting.count, value=25
type=GAUGE, name=jvm.thread-states.waiting.count, value=17
type=METER, name=org.jasig.cas.CentralAuthenticationServiceImpl.CREATE_TICKET_GRANTING_TICKET_METER, count=0, mean_rate=0.0, m1=0.0, m5=0.0, m15=0.0, rate_unit=events/millisecond
type=METER, name=org.jasig.cas.CentralAuthenticationServiceImpl.DESTROY_TICKET_GRANTING_TICKET_METER, count=0, mean_rate=0.0, m1=0.0, m5=0.0, m15=0.0, rate_unit=events/millisecond
type=METER, name=org.jasig.cas.CentralAuthenticationServiceImpl.GET_TICKETS_METER, count=1, mean_rate=0.0, m1=0.0, m5=0.0, m15=0.0, rate_unit=events/millisecond
type=METER, name=org.jasig.cas.CentralAuthenticationServiceImpl.GET_TICKET_METER, count=0, mean_rate=0.0, m1=0.0, m5=0.0, m15=0.0, rate_unit=events/millisecond
type=METER, name=org.jasig.cas.CentralAuthenticationServiceImpl.GRANT_PROXY_GRANTING_TICKET_METER, count=0, mean_rate=0.0, m1=0.0, m5=0.0, m15=0.0, rate_unit=events/millisecond
type=METER, name=org.jasig.cas.CentralAuthenticationServiceImpl.GRANT_SERVICE_TICKET_METER, count=0, mean_rate=0.0, m1=0.0, m5=0.0, m15=0.0, rate_unit=events/millisecond
type=METER, name=org.jasig.cas.CentralAuthenticationServiceImpl.VALIDATE_SERVICE_TICKET_METER, count=0, mean_rate=0.0, m1=0.0, m5=0.0, m15=0.0, rate_unit=events/millisecond
type=TIMER, name=org.jasig.cas.CentralAuthenticationServiceImpl.CREATE_TICKET_GRANTING_TICKET_TIMER, count=0, min=0.0, max=0.0, mean=0.0, stddev=0.0, median=0.0, p75=0.0, p95=0.0, p98=0.0, p99=0.0, p999=0.0, mean_rate=0.0, m1=0.0, m5=0.0, m15=0.0, rate_unit=events/millisecond, duration_unit=milliseconds
type=TIMER, name=org.jasig.cas.CentralAuthenticationServiceImpl.DESTROY_TICKET_GRANTING_TICKET_TIMER, count=0, min=0.0, max=0.0, mean=0.0, stddev=0.0, median=0.0, p75=0.0, p95=0.0, p98=0.0, p99=0.0, p999=0.0, mean_rate=0.0, m1=0.0, m5=0.0, m15=0.0, rate_unit=events/millisecond, duration_unit=milliseconds
type=TIMER, name=org.jasig.cas.CentralAuthenticationServiceImpl.GET_TICKETS_TIMER, count=1, min=0.117292, max=0.117292, mean=0.117292, stddev=0.0, median=0.117292, p75=0.117292, p95=0.117292, p98=0.117292, p99=0.117292, p999=0.117292, mean_rate=0.0, m1=0.0, m5=0.0, m15=0.0, rate_unit=events/millisecond, duration_unit=milliseconds
type=TIMER, name=org.jasig.cas.CentralAuthenticationServiceImpl.GET_TICKET_TIMER, count=0, min=0.0, max=0.0, mean=0.0, stddev=0.0, median=0.0, p75=0.0, p95=0.0, p98=0.0, p99=0.0, p999=0.0, mean_rate=0.0, m1=0.0, m5=0.0, m15=0.0, rate_unit=events/millisecond, duration_unit=milliseconds
type=TIMER, name=org.jasig.cas.CentralAuthenticationServiceImpl.GRANT_PROXY_GRANTING_TICKET_TIMER, count=0, min=0.0, max=0.0, mean=0.0, stddev=0.0, median=0.0, p75=0.0, p95=0.0, p98=0.0, p99=0.0, p999=0.0, mean_rate=0.0, m1=0.0, m5=0.0, m15=0.0, rate_unit=events/millisecond, duration_unit=milliseconds
type=TIMER, name=org.jasig.cas.CentralAuthenticationServiceImpl.GRANT_SERVICE_TICKET_TIMER, count=0, min=0.0, max=0.0, mean=0.0, stddev=0.0, median=0.0, p75=0.0, p95=0.0, p98=0.0, p99=0.0, p999=0.0, mean_rate=0.0, m1=0.0, m5=0.0, m15=0.0, rate_unit=events/millisecond, duration_unit=milliseconds
type=TIMER, name=org.jasig.cas.CentralAuthenticationServiceImpl.VALIDATE_SERVICE_TICKET_TIMER, count=0, min=0.0, max=0.0, mean=0.0, stddev=0.0, median=0.0, p75=0.0, p95=0.0, p98=0.0, p99=0.0, p999=0.0, mean_rate=0.0, m1=0.0, m5=0.0, m15=0.0, rate_unit=events/millisecond, duration_unit=milliseconds
type=GAUGE, name=jvm.fd.usage, value=0.0017242431640625
type=GAUGE, name=jvm.gc.PS-MarkSweep.count, value=4
type=GAUGE, name=jvm.gc.PS-MarkSweep.time, value=421
type=GAUGE, name=jvm.gc.PS-Scavenge.count, value=12
type=GAUGE, name=jvm.gc.PS-Scavenge.time, value=328
type=GAUGE, name=jvm.memory.heap.committed, value=880279552
type=GAUGE, name=jvm.memory.heap.init, value=130023424
type=GAUGE, name=jvm.memory.heap.max, value=1841823744
type=GAUGE, name=jvm.memory.heap.usage, value=0.1423472060527416
type=GAUGE, name=jvm.memory.heap.used, value=262178464
type=GAUGE, name=jvm.memory.non-heap.committed, value=93114368
type=GAUGE, name=jvm.memory.non-heap.init, value=2555904
type=GAUGE, name=jvm.memory.non-heap.max, value=-1
type=GAUGE, name=jvm.memory.non-heap.usage, value=-9.081808E7
type=GAUGE, name=jvm.memory.non-heap.used, value=90818080
type=GAUGE, name=jvm.memory.pools.Code-Cache.committed, value=19988480
type=GAUGE, name=jvm.memory.pools.Code-Cache.init, value=2555904
type=GAUGE, name=jvm.memory.pools.Code-Cache.max, value=251658240
type=GAUGE, name=jvm.memory.pools.Code-Cache.usage, value=0.07822316487630208
type=GAUGE, name=jvm.memory.pools.Code-Cache.used, value=19685504
type=GAUGE, name=jvm.memory.pools.Compressed-Class-Space.committed, value=8126464
type=GAUGE, name=jvm.memory.pools.Compressed-Class-Space.init, value=0
type=GAUGE, name=jvm.memory.pools.Compressed-Class-Space.max, value=1073741824
type=GAUGE, name=jvm.memory.pools.Compressed-Class-Space.usage, value=0.0071909502148628235
type=GAUGE, name=jvm.memory.pools.Compressed-Class-Space.used, value=7721224
type=GAUGE, name=jvm.memory.pools.Metaspace.committed, value=64999424
type=GAUGE, name=jvm.memory.pools.Metaspace.init, value=0
type=GAUGE, name=jvm.memory.pools.Metaspace.max, value=-1
type=GAUGE, name=jvm.memory.pools.Metaspace.usage, value=0.9755836605567458
type=GAUGE, name=jvm.memory.pools.Metaspace.used, value=63412376
type=GAUGE, name=jvm.memory.pools.PS-Eden-Space.committed, value=521666560
type=GAUGE, name=jvm.memory.pools.PS-Eden-Space.init, value=32505856
type=GAUGE, name=jvm.memory.pools.PS-Eden-Space.max, value=546832384
type=GAUGE, name=jvm.memory.pools.PS-Eden-Space.usage, value=0.2101558637756172
type=GAUGE, name=jvm.memory.pools.PS-Eden-Space.used, value=114920032
type=GAUGE, name=jvm.memory.pools.PS-Old-Gen.committed, value=299368448
type=GAUGE, name=jvm.memory.pools.PS-Old-Gen.init, value=87031808
type=GAUGE, name=jvm.memory.pools.PS-Old-Gen.max, value=1381498880
type=GAUGE, name=jvm.memory.pools.PS-Old-Gen.usage, value=0.10659323299632353
type=GAUGE, name=jvm.memory.pools.PS-Old-Gen.used, value=147258432
type=GAUGE, name=jvm.memory.pools.PS-Survivor-Space.committed, value=59244544
type=GAUGE, name=jvm.memory.pools.PS-Survivor-Space.init, value=5242880
type=GAUGE, name=jvm.memory.pools.PS-Survivor-Space.max, value=59244544
type=GAUGE, name=jvm.memory.pools.PS-Survivor-Space.usage, value=0.0
type=GAUGE, name=jvm.memory.pools.PS-Survivor-Space.used, value=0
type=GAUGE, name=jvm.memory.total.committed, value=973393920
type=GAUGE, name=jvm.memory.total.init, value=132579328
type=GAUGE, name=jvm.memory.total.max, value=1841823743
type=GAUGE, name=jvm.memory.total.used, value=353005560
type=GAUGE, name=jvm.thread-states.blocked.count, value=0
type=GAUGE, name=jvm.thread-states.count, value=54
type=GAUGE, name=jvm.thread-states.daemon.count, value=42
type=GAUGE, name=jvm.thread-states.deadlock.count, value=0
type=GAUGE, name=jvm.thread-states.deadlocks, value=[]
type=GAUGE, name=jvm.thread-states.new.count, value=0
type=GAUGE, name=jvm.thread-states.runnable.count, value=12
type=GAUGE, name=jvm.thread-states.terminated.count, value=0
type=GAUGE, name=jvm.thread-states.timed_waiting.count, value=25
type=GAUGE, name=jvm.thread-states.waiting.count, value=17
type=METER, name=org.jasig.cas.CentralAuthenticationServiceImpl.CREATE_TICKET_GRANTING_TICKET_METER, count=0, mean_rate=0.0, m1=0.0, m5=0.0, m15=0.0, rate_unit=events/millisecond
type=METER, name=org.jasig.cas.CentralAuthenticationServiceImpl.DESTROY_TICKET_GRANTING_TICKET_METER, count=0, mean_rate=0.0, m1=0.0, m5=0.0, m15=0.0, rate_unit=events/millisecond
type=METER, name=org.jasig.cas.CentralAuthenticationServiceImpl.GET_TICKETS_METER, count=1, mean_rate=0.0, m1=0.0, m5=0.0, m15=0.0, rate_unit=events/millisecond
type=METER, name=org.jasig.cas.CentralAuthenticationServiceImpl.GET_TICKET_METER, count=0, mean_rate=0.0, m1=0.0, m5=0.0, m15=0.0, rate_unit=events/millisecond
type=METER, name=org.jasig.cas.CentralAuthenticationServiceImpl.GRANT_PROXY_GRANTING_TICKET_METER, count=0, mean_rate=0.0, m1=0.0, m5=0.0, m15=0.0, rate_unit=events/millisecond
type=METER, name=org.jasig.cas.CentralAuthenticationServiceImpl.GRANT_SERVICE_TICKET_METER, count=0, mean_rate=0.0, m1=0.0, m5=0.0, m15=0.0, rate_unit=events/millisecond
type=METER, name=org.jasig.cas.CentralAuthenticationServiceImpl.VALIDATE_SERVICE_TICKET_METER, count=0, mean_rate=0.0, m1=0.0, m5=0.0, m15=0.0, rate_unit=events/millisecond
type=TIMER, name=org.jasig.cas.CentralAuthenticationServiceImpl.CREATE_TICKET_GRANTING_TICKET_TIMER, count=0, min=0.0, max=0.0, mean=0.0, stddev=0.0, median=0.0, p75=0.0, p95=0.0, p98=0.0, p99=0.0, p999=0.0, mean_rate=0.0, m1=0.0, m5=0.0, m15=0.0, rate_unit=events/millisecond, duration_unit=milliseconds
type=TIMER, name=org.jasig.cas.CentralAuthenticationServiceImpl.DESTROY_TICKET_GRANTING_TICKET_TIMER, count=0, min=0.0, max=0.0, mean=0.0, stddev=0.0, median=0.0, p75=0.0, p95=0.0, p98=0.0, p99=0.0, p999=0.0, mean_rate=0.0, m1=0.0, m5=0.0, m15=0.0, rate_unit=events/millisecond, duration_unit=milliseconds
type=TIMER, name=org.jasig.cas.CentralAuthenticationServiceImpl.GET_TICKETS_TIMER, count=1, min=0.117292, max=0.117292, mean=0.117292, stddev=0.0, median=0.117292, p75=0.117292, p95=0.117292, p98=0.117292, p99=0.117292, p999=0.117292, mean_rate=0.0, m1=0.0, m5=0.0, m15=0.0, rate_unit=events/millisecond, duration_unit=milliseconds
type=TIMER, name=org.jasig.cas.CentralAuthenticationServiceImpl.GET_TICKET_TIMER, count=0, min=0.0, max=0.0, mean=0.0, stddev=0.0, median=0.0, p75=0.0, p95=0.0, p98=0.0, p99=0.0, p999=0.0, mean_rate=0.0, m1=0.0, m5=0.0, m15=0.0, rate_unit=events/millisecond, duration_unit=milliseconds
type=TIMER, name=org.jasig.cas.CentralAuthenticationServiceImpl.GRANT_PROXY_GRANTING_TICKET_TIMER, count=0, min=0.0, max=0.0, mean=0.0, stddev=0.0, median=0.0, p75=0.0, p95=0.0, p98=0.0, p99=0.0, p999=0.0, mean_rate=0.0, m1=0.0, m5=0.0, m15=0.0, rate_unit=events/millisecond, duration_unit=milliseconds
type=TIMER, name=org.jasig.cas.CentralAuthenticationServiceImpl.GRANT_SERVICE_TICKET_TIMER, count=0, min=0.0, max=0.0, mean=0.0, stddev=0.0, median=0.0, p75=0.0, p95=0.0, p98=0.0, p99=0.0, p999=0.0, mean_rate=0.0, m1=0.0, m5=0.0, m15=0.0, rate_unit=events/millisecond, duration_unit=milliseconds
type=TIMER, name=org.jasig.cas.CentralAuthenticationServiceImpl.VALIDATE_SERVICE_TICKET_TIMER, count=0, min=0.0, max=0.0, mean=0.0, stddev=0.0, median=0.0, p75=0.0, p95=0.0, p98=0.0, p99=0.0, p999=0.0, mean_rate=0.0, m1=0.0, m5=0.0, m15=0.0, rate_unit=events/millisecond, duration_unit=milliseconds
